<?xml version="1.0" encoding="UTF-8"?>
<testng-results ignored="0" total="4" passed="4" failed="0" skipped="0">
  <reporter-output>
  </reporter-output>
  <suite started-at="2024-11-02T13:48:57 IST" name="Default suite" finished-at="2024-11-02T13:48:57 IST" duration-ms="87">
    <groups>
    </groups>
    <test started-at="2024-11-02T13:48:57 IST" name="Default test" finished-at="2024-11-02T13:48:57 IST" duration-ms="87">
      <class name="TestNG.demo02">
        <test-method signature="signup()[pri:-1, instance:TestNG.demo02@368f2016]" started-at="2024-11-02T13:48:57 IST" name="signup" finished-at="2024-11-02T13:48:57 IST" duration-ms="13" status="PASS">
          <reporter-output>
          </reporter-output>
        </test-method> <!-- signup -->
        <test-method signature="addtocart()[pri:0, instance:TestNG.demo02@368f2016]" started-at="2024-11-02T13:48:57 IST" name="addtocart" finished-at="2024-11-02T13:48:57 IST" duration-ms="3" status="PASS">
          <reporter-output>
          </reporter-output>
        </test-method> <!-- addtocart -->
        <test-method signature="login()[pri:1, instance:TestNG.demo02@368f2016]" started-at="2024-11-02T13:48:57 IST" name="login" finished-at="2024-11-02T13:48:57 IST" duration-ms="4" status="PASS">
          <reporter-output>
          </reporter-output>
        </test-method> <!-- login -->
        <test-method signature="payment()[pri:3, instance:TestNG.demo02@368f2016]" started-at="2024-11-02T13:48:57 IST" name="payment" finished-at="2024-11-02T13:48:57 IST" duration-ms="2" status="PASS">
          <reporter-output>
          </reporter-output>
        </test-method> <!-- payment -->
      </class> <!-- TestNG.demo02 -->
    </test> <!-- Default test -->
  </suite> <!-- Default suite -->
</testng-results>
